#
# There is insufficient memory for the Java Runtime Environment to continue.
# Native memory allocation (malloc) failed to allocate 229456 bytes for Chunk::new
# Possible reasons:
#   The system is out of physical RAM or swap space
#   The process is running with CompressedOops enabled, and the Java Heap may be blocking the growth of the native heap
# Possible solutions:
#   Reduce memory load on the system
#   Increase physical memory or swap space
#   Check if swap backing store is full
#   Decrease Java heap size (-Xmx/-Xms)
#   Decrease number of Java threads
#   Decrease Java thread stack sizes (-Xss)
#   Set larger code cache with -XX:ReservedCodeCacheSize=
#   JVM is running with Unscaled Compressed Oops mode in which the Java heap is
#     placed in the first 4GB address space. The Java Heap base address is the
#     maximum limit for the native heap growth. Please use -XX:HeapBaseMinAddress
#     to set the Java Heap base and to place the Java Heap above 4GB virtual address.
# This output file may be truncated or incomplete.
#
#  Out of Memory Error (allocation.cpp:389), pid=7008, tid=0x000000000000317c
#
# JRE version: OpenJDK Runtime Environment (8.0_262-b10) (build 1.8.0_262-b10)
# Java VM: OpenJDK 64-Bit Server VM (25.262-b10 mixed mode windows-amd64 compressed oops)
# Failed to write core dump. Minidumps are not enabled by default on client versions of Windows
#

---------------  T H R E A D  ---------------

Current thread (0x0000000013bc3000):  JavaThread "C2 CompilerThread0" daemon [_thread_in_native, id=12668, stack(0x0000000014c00000,0x0000000014d00000)]

Stack: [0x0000000014c00000,0x0000000014d00000]
[error occurred during error reporting (printing stack bounds), id 0xc0000005]

Native frames: (J=compiled Java code, j=interpreted, Vv=VM code, C=native code)


Current CompileTask:
C2: 158413 2866   !   4       java.security.SecureClassLoader::getProtectionDomain (114 bytes)


---------------  P R O C E S S  ---------------

Java Threads: ( => current thread )
  0x0000000016867800 JavaThread "Cache worker for execution history cache (C:\Users\LENOVO\.gradle\caches\6.2\executionHistory)" [_thread_blocked, id=980, stack(0x000000001aff0000,0x000000001b0f0000)]
  0x000000001686a800 JavaThread "Cache worker for cache directory md-rule (C:\Users\LENOVO\.gradle\caches\6.2\md-rule)" [_thread_blocked, id=1256, stack(0x000000001aef0000,0x000000001aff0000)]
  0x000000001686d800 JavaThread "Cache worker for cache directory md-supplier (C:\Users\LENOVO\.gradle\caches\6.2\md-supplier)" [_thread_blocked, id=9336, stack(0x000000001abf0000,0x000000001acf0000)]
  0x000000001686c800 JavaThread "Cache worker for file hash cache (C:\rnproject\ProjectDTI2020\android\.gradle\6.2\fileHashes)" [_thread_blocked, id=5140, stack(0x000000001a5f0000,0x000000001a6f0000)]
  0x0000000016869800 JavaThread "Cache worker for checksums cache (C:\rnproject\ProjectDTI2020\android\.gradle\checksums)" [_thread_blocked, id=2716, stack(0x000000001a4f0000,0x000000001a5f0000)]
  0x0000000016866800 JavaThread "Cache worker for file hash cache (C:\Users\LENOVO\.gradle\caches\6.2\fileHashes)" [_thread_blocked, id=8284, stack(0x0000000019220000,0x0000000019320000)]
  0x0000000016869000 JavaThread "File lock request listener" [_thread_in_native, id=8292, stack(0x0000000018150000,0x0000000018250000)]
  0x00000000164f4000 JavaThread "Cache worker for journal cache (C:\Users\LENOVO\.gradle\caches\journal-1)" [_thread_blocked, id=9448, stack(0x0000000018050000,0x0000000018150000)]
  0x0000000013c33000 JavaThread "Thread-9" [_thread_blocked, id=7132, stack(0x0000000017d50000,0x0000000017e50000)]
  0x000000001651b800 JavaThread "Stdin handler" [_thread_blocked, id=9492, stack(0x0000000017c50000,0x0000000017d50000)]
  0x000000001651b000 JavaThread "Asynchronous log dispatcher for DefaultDaemonConnection: socket connection from /127.0.0.1:51368 to /127.0.0.1:51369" [_thread_blocked, id=4396, stack(0x0000000017b50000,0x0000000017c50000)]
  0x0000000015cc8000 JavaThread "Daemon worker" [_thread_blocked, id=5368, stack(0x0000000017a50000,0x0000000017b50000)]
  0x0000000015cc7800 JavaThread "Cancel handler" [_thread_blocked, id=9684, stack(0x0000000017950000,0x0000000017a50000)]
  0x0000000015cbb800 JavaThread "Handler for socket connection from /127.0.0.1:51368 to /127.0.0.1:51369" [_thread_in_native, id=1308, stack(0x0000000017650000,0x0000000017750000)]
  0x0000000015c8e000 JavaThread "Daemon" [_thread_blocked, id=8184, stack(0x0000000017550000,0x0000000017650000)]
  0x000000001668f800 JavaThread "Daemon periodic checks" [_thread_blocked, id=3840, stack(0x0000000017450000,0x0000000017550000)]
  0x000000001668e000 JavaThread "Incoming local TCP Connector on port 51368" [_thread_in_native, id=11916, stack(0x0000000017210000,0x0000000017310000)]
  0x0000000015a02800 JavaThread "Daemon health stats" [_thread_blocked, id=12672, stack(0x0000000016bd0000,0x0000000016cd0000)]
  0x0000000013c2d000 JavaThread "Service Thread" daemon [_thread_blocked, id=11060, stack(0x0000000014e00000,0x0000000014f00000)]
  0x0000000013bc8000 JavaThread "C1 CompilerThread1" daemon [_thread_blocked, id=6604, stack(0x0000000014d00000,0x0000000014e00000)]
=>0x0000000013bc3000 JavaThread "C2 CompilerThread0" daemon [_thread_in_native, id=12668, stack(0x0000000014c00000,0x0000000014d00000)]
  0x0000000013bc1800 JavaThread "Attach Listener" daemon [_thread_blocked, id=9872, stack(0x0000000014b00000,0x0000000014c00000)]
  0x0000000013bbe800 JavaThread "Signal Dispatcher" daemon [_thread_blocked, id=4652, stack(0x0000000014a00000,0x0000000014b00000)]
  0x0000000002a88000 JavaThread "Finalizer" daemon [_thread_blocked, id=8732, stack(0x0000000014800000,0x0000000014900000)]
  0x0000000013ba7000 JavaThread "Reference Handler" daemon [_thread_blocked, id=1164, stack(0x0000000014700000,0x0000000014800000)]
  0x0000000002992800 JavaThread "main" [_thread_blocked, id=5080, stack(0x00000000027d0000,0x00000000028d0000)]

Other Threads:
  0x0000000002a78000 VMThread [stack: 0x0000000014600000,0x0000000014700000] [id=8768]
  0x0000000013c2d800 WatcherThread [stack: 0x0000000014f00000,0x0000000015000000] [id=8240]

VM state:at safepoint (normal execution)

VM Mutex/Monitor currently owned by a thread:  ([mutex/lock_event])
[0x000000000298e030] Threads_lock - owner thread: 0x0000000002a78000
[0x000000000298dc30] Heap_lock - owner thread: 0x0000000015cc8000

heap address: 0x00000000e0000000, size: 512 MB, Compressed Oops mode: 32-bit
Narrow klass base: 0x0000000000000000, Narrow klass shift: 3
Compressed class space size: 1073741824 Address: 0x0000000100000000

Heap:
 PSYoungGen      total 61440K, used 441K [0x00000000f5580000, 0x00000000fb800000, 0x0000000100000000)
  eden space 60928K, 0% used [0x00000000f5580000,0x00000000f5580000,0x00000000f9100000)
  from space 512K, 86% used [0x00000000fb780000,0x00000000fb7ee418,0x00000000fb800000)
  to   space 13824K, 0% used [0x00000000f9d00000,0x00000000f9d00000,0x00000000faa80000)
 ParOldGen       total 175104K, used 16796K [0x00000000e0000000, 0x00000000eab00000, 0x00000000f5580000)
  object space 175104K, 9% used [0x00000000e0000000,0x00000000e1067398,0x00000000eab00000)
 Metaspace       used 34502K, capacity 35570K, committed 35672K, reserved 1083392K
  class space    used 4744K, capacity 5070K, committed 5120K, reserved 1048576K

Card table byte_map: [0x0000000011e50000,0x0000000011f60000] byte_map_base: 0x0000000011750000

Marking Bits: (ParMarkBitMap*) 0x0000000077f7be90
 Begin Bits: [0x0000000012160000, 0x0000000012960000)
 End Bits:   [0x0000000012960000, 0x0000000013160000)

Polling page: 0x00000000009f0000

CodeCache: size=245760Kb used=10546Kb max_used=10560Kb free=235213Kb
 bounds [0x0000000002a90000, 0x00000000034f0000, 0x0000000011a90000]
 total_blobs=3314 nmethods=2604 adapters=624
 compilation: enabled

Compilation events (10 events):
Event: 158.275 Thread 0x0000000013bc8000 2868  s    3       java.io.BufferedInputStream::read (113 bytes)
Event: 158.276 Thread 0x0000000013bc8000 nmethod 2868 0x00000000034db5d0 code [0x00000000034db7a0, 0x00000000034dc118]
Event: 158.276 Thread 0x0000000013bc8000 2869       3       java.io.BufferedInputStream::read1 (108 bytes)
Event: 158.277 Thread 0x0000000013bc8000 nmethod 2869 0x00000000034da6d0 code [0x00000000034da8e0, 0x00000000034db1d8]
Event: 158.278 Thread 0x0000000013bc8000 2870       3       com.google.common.io.CountingInputStream::read (33 bytes)
Event: 158.278 Thread 0x0000000013bc8000 nmethod 2870 0x00000000034c1a10 code [0x00000000034c1b80, 0x00000000034c1de8]
Event: 158.278 Thread 0x0000000013bc8000 2871       3       org.gradle.cache.internal.btree.BlockPointer::pos (56 bytes)
Event: 158.279 Thread 0x0000000013bc8000 nmethod 2871 0x00000000034d96d0 code [0x00000000034d98c0, 0x00000000034da278]
Event: 158.279 Thread 0x0000000013bc8000 2872       3       org.gradle.cache.internal.btree.BTreePersistentIndexedCache$IndexEntry::<init> (5 bytes)
Event: 158.280 Thread 0x0000000013bc8000 nmethod 2872 0x00000000034ca5d0 code [0x00000000034ca740, 0x00000000034ca950]

GC Heap History (10 events):
Event: 74.997 GC heap before
{Heap before GC invocations=5 (full 1):
 PSYoungGen      total 76288K, used 7343K [0x00000000f5580000, 0x00000000faa80000, 0x0000000100000000)
  eden space 65536K, 0% used [0x00000000f5580000,0x00000000f5580000,0x00000000f9580000)
  from space 10752K, 68% used [0x00000000fa000000,0x00000000fa72bd28,0x00000000faa80000)
  to   space 10752K, 0% used [0x00000000f9580000,0x00000000f9580000,0x00000000fa000000)
 ParOldGen       total 175104K, used 446K [0x00000000e0000000, 0x00000000eab00000, 0x00000000f5580000)
  object space 175104K, 0% used [0x00000000e0000000,0x00000000e006fb68,0x00000000eab00000)
 Metaspace       used 20701K, capacity 21214K, committed 21248K, reserved 1067008K
  class space    used 2902K, capacity 3063K, committed 3072K, reserved 1048576K
Event: 75.467 GC heap after
Heap after GC invocations=5 (full 1):
 PSYoungGen      total 76288K, used 0K [0x00000000f5580000, 0x00000000faa80000, 0x0000000100000000)
  eden space 65536K, 0% used [0x00000000f5580000,0x00000000f5580000,0x00000000f9580000)
  from space 10752K, 0% used [0x00000000fa000000,0x00000000fa000000,0x00000000faa80000)
  to   space 10752K, 0% used [0x00000000f9580000,0x00000000f9580000,0x00000000fa000000)
 ParOldGen       total 175104K, used 7212K [0x00000000e0000000, 0x00000000eab00000, 0x00000000f5580000)
  object space 175104K, 4% used [0x00000000e0000000,0x00000000e070b1a0,0x00000000eab00000)
 Metaspace       used 20701K, capacity 21214K, committed 21248K, reserved 1067008K
  class space    used 2902K, capacity 3063K, committed 3072K, reserved 1048576K
}
Event: 92.528 GC heap before
{Heap before GC invocations=6 (full 1):
 PSYoungGen      total 76288K, used 65536K [0x00000000f5580000, 0x00000000faa80000, 0x0000000100000000)
  eden space 65536K, 100% used [0x00000000f5580000,0x00000000f9580000,0x00000000f9580000)
  from space 10752K, 0% used [0x00000000fa000000,0x00000000fa000000,0x00000000faa80000)
  to   space 10752K, 0% used [0x00000000f9580000,0x00000000f9580000,0x00000000fa000000)
 ParOldGen       total 175104K, used 7212K [0x00000000e0000000, 0x00000000eab00000, 0x00000000f5580000)
  object space 175104K, 4% used [0x00000000e0000000,0x00000000e070b1a0,0x00000000eab00000)
 Metaspace       used 29199K, capacity 29874K, committed 30080K, reserved 1075200K
  class space    used 3908K, capacity 4101K, committed 4224K, reserved 1048576K
Event: 92.574 GC heap after
Heap after GC invocations=6 (full 1):
 PSYoungGen      total 72704K, used 8275K [0x00000000f5580000, 0x00000000fab00000, 0x0000000100000000)
  eden space 64000K, 0% used [0x00000000f5580000,0x00000000f5580000,0x00000000f9400000)
  from space 8704K, 95% used [0x00000000f9580000,0x00000000f9d94c58,0x00000000f9e00000)
  to   space 11776K, 0% used [0x00000000f9f80000,0x00000000f9f80000,0x00000000fab00000)
 ParOldGen       total 175104K, used 7220K [0x00000000e0000000, 0x00000000eab00000, 0x00000000f5580000)
  object space 175104K, 4% used [0x00000000e0000000,0x00000000e070d1a0,0x00000000eab00000)
 Metaspace       used 29199K, capacity 29874K, committed 30080K, reserved 1075200K
  class space    used 3908K, capacity 4101K, committed 4224K, reserved 1048576K
}
Event: 154.679 GC heap before
{Heap before GC invocations=7 (full 1):
 PSYoungGen      total 72704K, used 72275K [0x00000000f5580000, 0x00000000fab00000, 0x0000000100000000)
  eden space 64000K, 100% used [0x00000000f5580000,0x00000000f9400000,0x00000000f9400000)
  from space 8704K, 95% used [0x00000000f9580000,0x00000000f9d94c58,0x00000000f9e00000)
  to   space 11776K, 0% used [0x00000000f9f80000,0x00000000f9f80000,0x00000000fab00000)
 ParOldGen       total 175104K, used 7220K [0x00000000e0000000, 0x00000000eab00000, 0x00000000f5580000)
  object space 175104K, 4% used [0x00000000e0000000,0x00000000e070d1a0,0x00000000eab00000)
 Metaspace       used 32061K, capacity 32916K, committed 33152K, reserved 1077248K
  class space    used 4377K, capacity 4655K, committed 4736K, reserved 1048576K
Event: 154.703 GC heap after
Heap after GC invocations=7 (full 1):
 PSYoungGen      total 73728K, used 9937K [0x00000000f5580000, 0x00000000faa80000, 0x0000000100000000)
  eden space 62464K, 0% used [0x00000000f5580000,0x00000000f5580000,0x00000000f9280000)
  from space 11264K, 88% used [0x00000000f9f80000,0x00000000fa934600,0x00000000faa80000)
  to   space 12288K, 0% used [0x00000000f9280000,0x00000000f9280000,0x00000000f9e80000)
 ParOldGen       total 175104K, used 7228K [0x00000000e0000000, 0x00000000eab00000, 0x00000000f5580000)
  object space 175104K, 4% used [0x00000000e0000000,0x00000000e070f1a0,0x00000000eab00000)
 Metaspace       used 32061K, capacity 32916K, committed 33152K, reserved 1077248K
  class space    used 4377K, capacity 4655K, committed 4736K, reserved 1048576K
}
Event: 157.818 GC heap before
{Heap before GC invocations=8 (full 1):
 PSYoungGen      total 73728K, used 53486K [0x00000000f5580000, 0x00000000faa80000, 0x0000000100000000)
  eden space 62464K, 69% used [0x00000000f5580000,0x00000000f80072f8,0x00000000f9280000)
  from space 11264K, 88% used [0x00000000f9f80000,0x00000000fa934600,0x00000000faa80000)
  to   space 12288K, 0% used [0x00000000f9280000,0x00000000f9280000,0x00000000f9e80000)
 ParOldGen       total 175104K, used 7228K [0x00000000e0000000, 0x00000000eab00000, 0x00000000f5580000)
  object space 175104K, 4% used [0x00000000e0000000,0x00000000e070f1a0,0x00000000eab00000)
 Metaspace       used 34260K, capacity 35296K, committed 35416K, reserved 1079296K
  class space    used 4708K, capacity 5003K, committed 5120K, reserved 1048576K
Event: 157.845 GC heap after
Heap after GC invocations=8 (full 1):
 PSYoungGen      total 74752K, used 10435K [0x00000000f5580000, 0x00000000fc400000, 0x0000000100000000)
  eden space 62464K, 0% used [0x00000000f5580000,0x00000000f5580000,0x00000000f9280000)
  from space 12288K, 84% used [0x00000000f9280000,0x00000000f9cb0cf8,0x00000000f9e80000)
  to   space 12800K, 0% used [0x00000000fb780000,0x00000000fb780000,0x00000000fc400000)
 ParOldGen       total 175104K, used 7236K [0x00000000e0000000, 0x00000000eab00000, 0x00000000f5580000)
  object space 175104K, 4% used [0x00000000e0000000,0x00000000e07111a0,0x00000000eab00000)
 Metaspace       used 34260K, capacity 35296K, committed 35416K, reserved 1079296K
  class space    used 4708K, capacity 5003K, committed 5120K, reserved 1048576K
}
Event: 157.845 GC heap before
{Heap before GC invocations=9 (full 2):
 PSYoungGen      total 74752K, used 10435K [0x00000000f5580000, 0x00000000fc400000, 0x0000000100000000)
  eden space 62464K, 0% used [0x00000000f5580000,0x00000000f5580000,0x00000000f9280000)
  from space 12288K, 84% used [0x00000000f9280000,0x00000000f9cb0cf8,0x00000000f9e80000)
  to   space 12800K, 0% used [0x00000000fb780000,0x00000000fb780000,0x00000000fc400000)
 ParOldGen       total 175104K, used 7236K [0x00000000e0000000, 0x00000000eab00000, 0x00000000f5580000)
  object space 175104K, 4% used [0x00000000e0000000,0x00000000e07111a0,0x00000000eab00000)
 Metaspace       used 34260K, capacity 35296K, committed 35416K, reserved 1079296K
  class space    used 4708K, capacity 5003K, committed 5120K, reserved 1048576K
Event: 158.041 GC heap after
Heap after GC invocations=9 (full 2):
 PSYoungGen      total 74752K, used 0K [0x00000000f5580000, 0x00000000fc400000, 0x0000000100000000)
  eden space 62464K, 0% used [0x00000000f5580000,0x00000000f5580000,0x00000000f9280000)
  from space 12288K, 0% used [0x00000000f9280000,0x00000000f9280000,0x00000000f9e80000)
  to   space 12800K, 0% used [0x00000000fb780000,0x00000000fb780000,0x00000000fc400000)
 ParOldGen       total 175104K, used 16788K [0x00000000e0000000, 0x00000000eab00000, 0x00000000f5580000)
  object space 175104K, 9% used [0x00000000e0000000,0x00000000e1065398,0x00000000eab00000)
 Metaspace       used 34260K, capacity 35296K, committed 35416K, reserved 1079296K
  class space    used 4708K, capacity 5003K, committed 5120K, reserved 1048576K
}

Deoptimization events (10 events):
Event: 95.445 Thread 0x0000000015cc8000 Uncommon trap: reason=unstable_if action=reinterpret pc=0x0000000002f574d4 method=org.codehaus.groovy.runtime.metaclass.MetaMethodIndex.isNonRealMethod(Lgroovy/lang/MetaMethod;)Z @ 4
Event: 149.186 Thread 0x0000000015cc8000 Uncommon trap: reason=unstable_if action=reinterpret pc=0x0000000003073738 method=java.util.HashMap.getNode(ILjava/lang/Object;)Ljava/util/HashMap$Node; @ 53
Event: 149.187 Thread 0x0000000015cc8000 Uncommon trap: reason=unstable_if action=reinterpret pc=0x00000000032f1774 method=java.util.HashMap.putVal(ILjava/lang/Object;Ljava/lang/Object;ZZ)Ljava/lang/Object; @ 85
Event: 150.102 Thread 0x0000000015cc8000 Uncommon trap: reason=unstable_if action=reinterpret pc=0x0000000003362a54 method=org.gradle.internal.reflect.PropertyAccessorType.isGetGetterName(Ljava/lang/String;)Z @ 14
Event: 150.903 Thread 0x0000000015cc8000 Uncommon trap: reason=unstable_if action=reinterpret pc=0x00000000030a14c0 method=org.objectweb.asm.ByteVector.putShort(I)Lorg/objectweb/asm/ByteVector; @ 13
Event: 151.873 Thread 0x0000000015cc8000 Uncommon trap: reason=unstable_if action=reinterpret pc=0x0000000002faf68c method=jdk.internal.org.objectweb.asm.Type.getArgumentsAndReturnSizes(Ljava/lang/String;)I @ 88
Event: 154.637 Thread 0x0000000015cc8000 Uncommon trap: reason=bimorphic action=maybe_recompile pc=0x0000000003164af8 method=java.util.WeakHashMap.eq(Ljava/lang/Object;Ljava/lang/Object;)Z @ 7
Event: 155.614 Thread 0x0000000015cc8000 Uncommon trap: reason=range_check action=make_not_entrant pc=0x000000000344fe34 method=java.lang.String.charAt(I)C @ 27
Event: 156.551 Thread 0x0000000015cc8000 Uncommon trap: reason=unstable_if action=reinterpret pc=0x0000000002f33e38 method=java.util.WeakHashMap.expungeStaleEntries()V @ 66
Event: 156.688 Thread 0x0000000015cc8000 Uncommon trap: reason=unstable_if action=reinterpret pc=0x00000000033f1620 method=java.net.URI.match(CJJ)Z @ 45

Classes redefined (0 events):
No events

Internal exceptions (10 events):
Event: 156.545 Thread 0x0000000015cc8000 Exception <a 'java/lang/ClassNotFoundException': org/gradle/api/internal/artifacts/dsl/dependencies/DefaultDependencyHandler_DecoratedBeanInfo> (0x00000000f63d4328) thrown at [C:\cygwin64\tmp\build\source\java-1.8.0-openjdk\tmp\jdk8u\hotspot\src\share\vm\
Event: 156.548 Thread 0x0000000015cc8000 Exception <a 'java/lang/ClassNotFoundException': org/gradle/api/internal/artifacts/dsl/dependencies/DefaultDependencyHandlerBeanInfo> (0x00000000f642fb48) thrown at [C:\cygwin64\tmp\build\source\java-1.8.0-openjdk\tmp\jdk8u\hotspot\src\share\vm\classfile\
Event: 156.550 Thread 0x0000000015cc8000 Exception <a 'java/lang/ClassNotFoundException': org/gradle/api/internal/artifacts/dsl/dependencies/DefaultDependencyHandlerCustomizer> (0x00000000f648c4b8) thrown at [C:\cygwin64\tmp\build\source\java-1.8.0-openjdk\tmp\jdk8u\hotspot\src\share\vm\classfil
Event: 156.614 Thread 0x0000000015cc8000 Exception <a 'java/lang/ClassNotFoundException': org/gradle/api/internal/artifacts/dsl/dependencies/DefaultDependencyHandler_DecoratedCustomizer> (0x00000000f651a580) thrown at [C:\cygwin64\tmp\build\source\java-1.8.0-openjdk\tmp\jdk8u\hotspot\src\share\v
Event: 156.920 Thread 0x0000000015cc8000 Exception <a 'java/lang/NoSuchMethodError': java.lang.Object.lambda$static$0(Lorg/gradle/api/internal/artifacts/configurations/MutationValidator$MutationType;)V> (0x00000000f6c0bd08) thrown at [C:\cygwin64\tmp\build\source\java-1.8.0-openjdk\tmp\jdk8u\hot
Event: 157.345 Thread 0x0000000015cc8000 Exception <a 'java/lang/NoSuchMethodError': java.lang.Object.lambda$static$0(Lorg/gradle/internal/component/model/DependencyMetadata;)Lorg/gradle/api/internal/artifacts/ivyservice/dependencysubstitution/DependencySubstitutionApplicator$SubstitutionResult;
Event: 157.575 Thread 0x0000000015cc8000 Exception <a 'java/lang/IncompatibleClassChangeError': Found class java.lang.Object, but interface was expected> (0x00000000f7b3a6d0) thrown at [C:\cygwin64\tmp\build\source\java-1.8.0-openjdk\tmp\jdk8u\hotspot\src\share\vm\interpreter\linkResolver.cpp, l
Event: 157.578 Thread 0x0000000015cc8000 Exception <a 'java/lang/NoSuchMethodError': java.lang.Object.lambda$comparing$77a9974f$1(Ljava/util/function/Function;Ljava/lang/Object;Ljava/lang/Object;)I> (0x00000000f7b42aa0) thrown at [C:\cygwin64\tmp\build\source\java-1.8.0-openjdk\tmp\jdk8u\hotspot
Event: 157.582 Thread 0x0000000015cc8000 Exception <a 'java/lang/NoSuchMethodError': java.lang.Object.lambda$thenComparing$36697e65$1(Ljava/util/Comparator;Ljava/lang/Object;Ljava/lang/Object;)I> (0x00000000f7b56bf0) thrown at [C:\cygwin64\tmp\build\source\java-1.8.0-openjdk\tmp\jdk8u\hotspot\sr
Event: 157.587 Thread 0x0000000015cc8000 Exception <a 'java/lang/NoSuchMethodError': java.lang.Object.lambda$comparing$ea9a8b3a$1(Ljava/util/Comparator;Ljava/util/function/Function;Ljava/lang/Object;Ljava/lang/Object;)I> (0x00000000f7b6b108) thrown at [C:\cygwin64\tmp\build\source\java-1.8.0-ope

Events (10 events):
Event: 158.284 loading class org/gradle/cache/internal/btree/BTreePersistentIndexedCache$Lookup
Event: 158.284 loading class org/gradle/cache/internal/btree/BTreePersistentIndexedCache$Lookup done
Event: 158.286 loading class org/gradle/internal/io/StreamByteBuffer
Event: 158.286 loading class org/gradle/internal/io/StreamByteBuffer done
Event: 158.287 loading class org/gradle/internal/io/StreamByteBuffer$StreamByteBufferInputStream
Event: 158.287 loading class org/gradle/internal/io/StreamByteBuffer$StreamByteBufferInputStream done
Event: 158.290 loading class org/gradle/internal/io/StreamByteBuffer$StreamByteBufferOutputStream
Event: 158.290 loading class org/gradle/internal/io/StreamByteBuffer$StreamByteBufferOutputStream done
Event: 158.291 loading class org/gradle/internal/io/StreamByteBuffer$StreamByteBufferChunk
Event: 158.291 loading class org/gradle/internal/io/StreamByteBuffer$StreamByteBufferChunk done


Dynamic libraries:
0x00007ff7d70b0000 - 0x00007ff7d70e5000 	C:\Program Files\OpenJDK\openjdk-8u262-b10\bin\java.exe
0x00007ff82cca0000 - 0x00007ff82ce90000 	C:\WINDOWS\SYSTEM32\ntdll.dll
0x00007ff82b060000 - 0x00007ff82b112000 	C:\WINDOWS\System32\KERNEL32.DLL
0x00007ff82a660000 - 0x00007ff82a905000 	C:\WINDOWS\System32\KERNELBASE.dll
0x00007ff82c9a0000 - 0x00007ff82ca43000 	C:\WINDOWS\System32\ADVAPI32.dll
0x00007ff82c2e0000 - 0x00007ff82c37e000 	C:\WINDOWS\System32\msvcrt.dll
0x00007ff82c380000 - 0x00007ff82c417000 	C:\WINDOWS\System32\sechost.dll
0x00007ff82bf90000 - 0x00007ff82c0b0000 	C:\WINDOWS\System32\RPCRT4.dll
0x00007ff82ae60000 - 0x00007ff82aff4000 	C:\WINDOWS\System32\USER32.dll
0x00007ff829ea0000 - 0x00007ff829ec1000 	C:\WINDOWS\System32\win32u.dll
0x00007ff82c4f0000 - 0x00007ff82c516000 	C:\WINDOWS\System32\GDI32.dll
0x00007ff82a9c0000 - 0x00007ff82ab56000 	C:\WINDOWS\System32\gdi32full.dll
0x00007ff829c50000 - 0x00007ff829cee000 	C:\WINDOWS\System32\msvcp_win.dll
0x00007ff829cf0000 - 0x00007ff829dea000 	C:\WINDOWS\System32\ucrtbase.dll
0x00007ff81bb50000 - 0x00007ff81bdd4000 	C:\WINDOWS\WinSxS\amd64_microsoft.windows.common-controls_6595b64144ccf1df_6.0.18362.1198_none_9e820b57e45ad92f\COMCTL32.dll
0x00007ff82c520000 - 0x00007ff82c855000 	C:\WINDOWS\System32\combase.dll
0x00007ff82acd0000 - 0x00007ff82ad50000 	C:\WINDOWS\System32\bcryptPrimitives.dll
0x00007ff82ae20000 - 0x00007ff82ae4e000 	C:\WINDOWS\System32\IMM32.DLL
0x00000000523a0000 - 0x0000000052472000 	C:\Program Files\OpenJDK\openjdk-8u262-b10\jre\bin\msvcr100.dll
0x00000000777d0000 - 0x0000000077ff8000 	C:\Program Files\OpenJDK\openjdk-8u262-b10\jre\bin\server\jvm.dll
0x00007ff82ae50000 - 0x00007ff82ae58000 	C:\WINDOWS\System32\PSAPI.DLL
0x00007ff827d90000 - 0x00007ff827d99000 	C:\WINDOWS\SYSTEM32\WSOCK32.dll
0x00007ff82b730000 - 0x00007ff82b79f000 	C:\WINDOWS\System32\WS2_32.dll
0x00007ff821e10000 - 0x00007ff821e34000 	C:\WINDOWS\SYSTEM32\WINMM.dll
0x00007ff820b90000 - 0x00007ff820b9a000 	C:\WINDOWS\SYSTEM32\VERSION.dll
0x00007ff821de0000 - 0x00007ff821e0d000 	C:\WINDOWS\SYSTEM32\WINMMBASE.dll
0x00007ff829df0000 - 0x00007ff829e3a000 	C:\WINDOWS\System32\cfgmgr32.dll
0x00007ff827c40000 - 0x00007ff827c4f000 	C:\Program Files\OpenJDK\openjdk-8u262-b10\jre\bin\verify.dll
0x00007ff821c60000 - 0x00007ff821c89000 	C:\Program Files\OpenJDK\openjdk-8u262-b10\jre\bin\java.dll
0x00007ff821c40000 - 0x00007ff821c56000 	C:\Program Files\OpenJDK\openjdk-8u262-b10\jre\bin\zip.dll
0x00007ff82b7a0000 - 0x00007ff82be87000 	C:\WINDOWS\System32\SHELL32.dll
0x00007ff82b120000 - 0x00007ff82b1c9000 	C:\WINDOWS\System32\shcore.dll
0x00007ff829ed0000 - 0x00007ff82a651000 	C:\WINDOWS\System32\windows.storage.dll
0x00007ff829b80000 - 0x00007ff829ba3000 	C:\WINDOWS\System32\profapi.dll
0x00007ff829bd0000 - 0x00007ff829c1a000 	C:\WINDOWS\System32\powrprof.dll
0x00007ff829b50000 - 0x00007ff829b60000 	C:\WINDOWS\System32\UMPDC.dll
0x00007ff82b1d0000 - 0x00007ff82b222000 	C:\WINDOWS\System32\shlwapi.dll
0x00007ff829b60000 - 0x00007ff829b71000 	C:\WINDOWS\System32\kernel.appcore.dll
0x00007ff82acb0000 - 0x00007ff82acc7000 	C:\WINDOWS\System32\cryptsp.dll
0x00007ff821c20000 - 0x00007ff821c3a000 	C:\Program Files\OpenJDK\openjdk-8u262-b10\jre\bin\net.dll
0x00007ff8292f0000 - 0x00007ff829357000 	C:\WINDOWS\system32\mswsock.dll
0x00007ff820de0000 - 0x00007ff820df2000 	C:\Program Files\OpenJDK\openjdk-8u262-b10\jre\bin\nio.dll
0x00007ff820930000 - 0x00007ff82095a000 	C:\Users\LENOVO\.gradle\native\36\windows-amd64\native-platform.dll
0x00007ff8279a0000 - 0x00007ff8279ad000 	C:\Program Files\OpenJDK\openjdk-8u262-b10\jre\bin\management.dll
0x00007ff828e70000 - 0x00007ff828ea3000 	C:\WINDOWS\system32\rsaenh.dll
0x00007ff829c20000 - 0x00007ff829c46000 	C:\WINDOWS\System32\bcrypt.dll
0x00007ff829a70000 - 0x00007ff829a95000 	C:\WINDOWS\SYSTEM32\USERENV.dll
0x00007ff829470000 - 0x00007ff82947c000 	C:\WINDOWS\SYSTEM32\CRYPTBASE.dll
0x00007ff829010000 - 0x00007ff82904a000 	C:\WINDOWS\SYSTEM32\IPHLPAPI.DLL
0x00007ff82bf80000 - 0x00007ff82bf88000 	C:\WINDOWS\System32\NSI.dll
0x00007ff824b20000 - 0x00007ff824b36000 	C:\WINDOWS\SYSTEM32\dhcpcsvc6.DLL
0x00007ff824b00000 - 0x00007ff824b1c000 	C:\WINDOWS\SYSTEM32\dhcpcsvc.DLL
0x00007ff829050000 - 0x00007ff82911b000 	C:\WINDOWS\SYSTEM32\DNSAPI.dll

VM Arguments:
jvm_args: -XX:MaxMetaspaceSize=256m -XX:+HeapDumpOnOutOfMemoryError -Xms256m -Xmx512m -Dfile.encoding=windows-1252 -Duser.country=US -Duser.language=en -Duser.variant 
java_command: org.gradle.launcher.daemon.bootstrap.GradleDaemon 6.2
java_class_path (initial): C:\Users\LENOVO\.gradle\wrapper\dists\gradle-6.2-all\dvufqs6kielxeao781pmk5huj\gradle-6.2\lib\gradle-launcher-6.2.jar
Launcher Type: SUN_STANDARD

Environment Variables:
JAVA_HOME=C:\Program Files\OpenJDK\openjdk-8u262-b10
CLASSPATH=C:\rnproject\ProjectDTI2020\android\\gradle\wrapper\gradle-wrapper.jar
PATH=C:\rnproject\ProjectDTI2020\android\node_modules\.bin;C:\rnproject\ProjectDTI2020\node_modules\.bin;C:\rnproject\node_modules\.bin;C:\node_modules\.bin;C:\Program Files\nodejs;C:\rnproject\ProjectDTI2020\node_modules\.bin;C:\Python27\;C:\Python27\Scripts;C:\Program Files (x86)\Common Files\Oracle\Java\javapath;C:\Program Files (x86)\GraphViz\bin;C:\WINDOWS\system32;C:\WINDOWS;C:\WINDOWS\System32\Wbem;C:\WINDOWS\System32\WindowsPowerShell\v1.0\;C:\WINDOWS\System32\OpenSSH\;C:\Program Files\MATLAB\R2018a\runtime\win64;C:\Program Files\MATLAB\R2018a\bin;C:\xampp\php;C:\Program Files\Git\cmd;C:\Go\bin;C:\Program Files\Microsoft VS Code\bin;C:\ProgramData\ComposerSetup\bin;C:\Program Files\PowerShell\7\;C:\ProgramData\chocolatey\bin;C:\Program Files\nodejs\;C:\Program Files\OpenJDK\openjdk-8u262-b10\bin;C:\Users\LENOVO\Anaconda3\pkgs\graphviz-2.38-hfd603c8_2\Library\bin\graphviz;C:\Users\LENOVO\AppData\Local\Microsoft\WindowsApps;C:\Users\LENOVO\AppData\Roaming\Composer\vendor\bin;C:\Users\LENOVO\go\bin;C:\Users\LENOVO\AppData\Roaming\npm;C:\Users\LENOVO\AppData\Local\Android\Sdk\platform-tools;C:\gradle-6.6.1\bin;
USERNAME=LENOVO
OS=Windows_NT
PROCESSOR_IDENTIFIER=AMD64 Family 21 Model 112 Stepping 0, AuthenticAMD



---------------  S Y S T E M  ---------------

OS: Windows 10.0 , 64 bit Build 18362 (10.0.18362.1110)

CPU:total 2 (initial active 2) (2 cores per cpu, 1 threads per core) family 21 model 112 stepping 0, cmov, cx8, fxsr, mmx, sse, sse2, sse3, ssse3, sse4.1, sse4.2, popcnt, avx, avx2, aes, clmul, mmxext, 3dnowpref, lzcnt, sse4a, tsc, tscinvbit, tscinv, bmi1

Memory: 4k page, physical 3555228k(260120k free), swap 14565276k(16580k free)

vm_info: OpenJDK 64-Bit Server VM (25.262-b10) for windows-amd64 JRE (1.8.0_262-b10), built on Jul 13 2020 11:27:33 by "build" with MS VC++ 10.0 (VS2010)

time: Thu Nov 12 14:55:58 2020
timezone: SE Asia Standard Time
elapsed time: 158 seconds (0d 0h 2m 38s)

