#
# There is insufficient memory for the Java Runtime Environment to continue.
# Native memory allocation (malloc) failed to allocate 200176 bytes for Chunk::new
# Possible reasons:
#   The system is out of physical RAM or swap space
#   The process is running with CompressedOops enabled, and the Java Heap may be blocking the growth of the native heap
# Possible solutions:
#   Reduce memory load on the system
#   Increase physical memory or swap space
#   Check if swap backing store is full
#   Decrease Java heap size (-Xmx/-Xms)
#   Decrease number of Java threads
#   Decrease Java thread stack sizes (-Xss)
#   Set larger code cache with -XX:ReservedCodeCacheSize=
#   JVM is running with Unscaled Compressed Oops mode in which the Java heap is
#     placed in the first 4GB address space. The Java Heap base address is the
#     maximum limit for the native heap growth. Please use -XX:HeapBaseMinAddress
#     to set the Java Heap base and to place the Java Heap above 4GB virtual address.
# This output file may be truncated or incomplete.
#
#  Out of Memory Error (allocation.cpp:389), pid=12624, tid=0x0000000000001f4c
#
# JRE version: OpenJDK Runtime Environment (8.0_262-b10) (build 1.8.0_262-b10)
# Java VM: OpenJDK 64-Bit Server VM (25.262-b10 mixed mode windows-amd64 compressed oops)
# Failed to write core dump. Minidumps are not enabled by default on client versions of Windows
#

---------------  T H R E A D  ---------------

Current thread (0x0000000013a94000):  JavaThread "C2 CompilerThread0" daemon [_thread_in_native, id=8012, stack(0x0000000014ae0000,0x0000000014be0000)]

Stack: [0x0000000014ae0000,0x0000000014be0000]
[error occurred during error reporting (printing stack bounds), id 0xc0000005]

Native frames: (J=compiled Java code, j=interpreted, Vv=VM code, C=native code)


Current CompileTask:
C2:  37422 1401   !   4       java.lang.ClassLoader::loadClass (122 bytes)


---------------  P R O C E S S  ---------------

Java Threads: ( => current thread )
  0x0000000015943000 JavaThread "Thread-9" [_thread_blocked, id=4756, stack(0x0000000017c30000,0x0000000017d30000)]
  0x0000000015bd1000 JavaThread "Stdin handler" [_thread_blocked, id=10472, stack(0x0000000017b30000,0x0000000017c30000)]
  0x0000000015bce000 JavaThread "Asynchronous log dispatcher for DefaultDaemonConnection: socket connection from /127.0.0.1:50446 to /127.0.0.1:50448" [_thread_blocked, id=388, stack(0x0000000017a30000,0x0000000017b30000)]
  0x0000000015bcb000 JavaThread "Daemon worker" [_thread_in_native, id=9856, stack(0x0000000017930000,0x0000000017a30000)]
  0x0000000015d39000 JavaThread "Cancel handler" [_thread_blocked, id=3040, stack(0x0000000017830000,0x0000000017930000)]
  0x0000000015c19000 JavaThread "Handler for socket connection from /127.0.0.1:50446 to /127.0.0.1:50448" [_thread_in_native, id=10356, stack(0x0000000017530000,0x0000000017630000)]
  0x0000000015bbe800 JavaThread "Daemon" [_thread_blocked, id=668, stack(0x0000000017430000,0x0000000017530000)]
  0x0000000015e28800 JavaThread "Daemon periodic checks" [_thread_blocked, id=7672, stack(0x0000000017330000,0x0000000017430000)]
  0x0000000015bc0000 JavaThread "Incoming local TCP Connector on port 50446" [_thread_in_native, id=7496, stack(0x00000000170f0000,0x00000000171f0000)]
  0x0000000015b99800 JavaThread "Daemon health stats" [_thread_blocked, id=8432, stack(0x0000000016ab0000,0x0000000016bb0000)]
  0x0000000013aee000 JavaThread "Service Thread" daemon [_thread_blocked, id=5528, stack(0x0000000014ce0000,0x0000000014de0000)]
  0x0000000013ac4000 JavaThread "C1 CompilerThread1" daemon [_thread_blocked, id=8884, stack(0x0000000014be0000,0x0000000014ce0000)]
=>0x0000000013a94000 JavaThread "C2 CompilerThread0" daemon [_thread_in_native, id=8012, stack(0x0000000014ae0000,0x0000000014be0000)]
  0x0000000013a92800 JavaThread "Attach Listener" daemon [_thread_blocked, id=12100, stack(0x00000000149e0000,0x0000000014ae0000)]
  0x0000000013a8f800 JavaThread "Signal Dispatcher" daemon [_thread_blocked, id=13056, stack(0x00000000148e0000,0x00000000149e0000)]
  0x000000000287a000 JavaThread "Finalizer" daemon [_thread_blocked, id=8872, stack(0x00000000146e0000,0x00000000147e0000)]
  0x0000000013a77000 JavaThread "Reference Handler" daemon [_thread_blocked, id=12052, stack(0x00000000145e0000,0x00000000146e0000)]
  0x0000000002782800 JavaThread "main" [_thread_blocked, id=11632, stack(0x0000000002610000,0x0000000002710000)]

Other Threads:
  0x0000000002868000 VMThread [stack: 0x00000000144e0000,0x00000000145e0000] [id=12180]
  0x0000000013aef000 WatcherThread [stack: 0x0000000014de0000,0x0000000014ee0000] [id=7760]

VM state:not at safepoint (normal execution)

VM Mutex/Monitor currently owned by a thread: None

heap address: 0x00000000e0000000, size: 512 MB, Compressed Oops mode: 32-bit
Narrow klass base: 0x0000000000000000, Narrow klass shift: 3
Compressed class space size: 1073741824 Address: 0x0000000100000000

Heap:
 PSYoungGen      total 76288K, used 49586K [0x00000000f5580000, 0x00000000faa80000, 0x0000000100000000)
  eden space 65536K, 67% used [0x00000000f5580000,0x00000000f8073f08,0x00000000f9580000)
  from space 10752K, 52% used [0x00000000f9580000,0x00000000f9af89a8,0x00000000fa000000)
  to   space 10752K, 0% used [0x00000000fa000000,0x00000000fa000000,0x00000000faa80000)
 ParOldGen       total 175104K, used 16K [0x00000000e0000000, 0x00000000eab00000, 0x00000000f5580000)
  object space 175104K, 0% used [0x00000000e0000000,0x00000000e0004000,0x00000000eab00000)
 Metaspace       used 12293K, capacity 12616K, committed 12928K, reserved 1060864K
  class space    used 1674K, capacity 1796K, committed 1920K, reserved 1048576K

Card table byte_map: [0x0000000011d20000,0x0000000011e30000] byte_map_base: 0x0000000011620000

Marking Bits: (ParMarkBitMap*) 0x0000000077f7be90
 Begin Bits: [0x0000000012030000, 0x0000000012830000)
 End Bits:   [0x0000000012830000, 0x0000000013030000)

Polling page: 0x0000000000d70000

CodeCache: size=245760Kb used=4914Kb max_used=4925Kb free=240845Kb
 bounds [0x0000000002960000, 0x0000000002e40000, 0x0000000011960000]
 total_blobs=1736 nmethods=1363 adapters=287
 compilation: enabled

Compilation events (10 events):
Event: 36.803 Thread 0x0000000013ac4000 nmethod 1396 0x0000000002aea5d0 code [0x0000000002aea760, 0x0000000002aeabd8]
Event: 36.803 Thread 0x0000000013ac4000 1397       3       org.gradle.internal.service.DefaultServiceRegistry$FactoryMethodService::<init> (22 bytes)
Event: 36.804 Thread 0x0000000013ac4000 nmethod 1397 0x0000000002ae9550 code [0x0000000002ae9720, 0x0000000002ae9f48]
Event: 36.828 Thread 0x0000000013ac4000 1398       3       sun.nio.fs.WindowsPath::<init> (26 bytes)
Event: 36.828 Thread 0x0000000013ac4000 nmethod 1398 0x0000000002ae9050 code [0x0000000002ae91c0, 0x0000000002ae9430]
Event: 36.878 Thread 0x0000000013ac4000 1399       3       org.gradle.internal.service.ReflectionBasedServiceMethod::<init> (16 bytes)
Event: 36.879 Thread 0x0000000013ac4000 nmethod 1399 0x0000000002ae8510 code [0x0000000002ae86c0, 0x0000000002ae8cc8]
Event: 37.020 Thread 0x0000000013ac4000 1400       1       sun.reflect.generics.visitor.Reifier::getFactory (5 bytes)
Event: 37.020 Thread 0x0000000013ac4000 nmethod 1400 0x0000000002b1f050 code [0x0000000002b1f1a0, 0x0000000002b1f2b0]
Event: 37.020 Thread 0x0000000013a94000 1401   !   4       java.lang.ClassLoader::loadClass (122 bytes)

GC Heap History (2 events):
Event: 12.811 GC heap before
{Heap before GC invocations=1 (full 0):
 PSYoungGen      total 76288K, used 65536K [0x00000000f5580000, 0x00000000faa80000, 0x0000000100000000)
  eden space 65536K, 100% used [0x00000000f5580000,0x00000000f9580000,0x00000000f9580000)
  from space 10752K, 0% used [0x00000000fa000000,0x00000000fa000000,0x00000000faa80000)
  to   space 10752K, 0% used [0x00000000f9580000,0x00000000f9580000,0x00000000fa000000)
 ParOldGen       total 175104K, used 0K [0x00000000e0000000, 0x00000000eab00000, 0x00000000f5580000)
  object space 175104K, 0% used [0x00000000e0000000,0x00000000e0000000,0x00000000eab00000)
 Metaspace       used 7424K, capacity 7594K, committed 7680K, reserved 1056768K
  class space    used 904K, capacity 977K, committed 1024K, reserved 1048576K
Event: 12.832 GC heap after
Heap after GC invocations=1 (full 0):
 PSYoungGen      total 76288K, used 5602K [0x00000000f5580000, 0x00000000faa80000, 0x0000000100000000)
  eden space 65536K, 0% used [0x00000000f5580000,0x00000000f5580000,0x00000000f9580000)
  from space 10752K, 52% used [0x00000000f9580000,0x00000000f9af89a8,0x00000000fa000000)
  to   space 10752K, 0% used [0x00000000fa000000,0x00000000fa000000,0x00000000faa80000)
 ParOldGen       total 175104K, used 16K [0x00000000e0000000, 0x00000000eab00000, 0x00000000f5580000)
  object space 175104K, 0% used [0x00000000e0000000,0x00000000e0004000,0x00000000eab00000)
 Metaspace       used 7424K, capacity 7594K, committed 7680K, reserved 1056768K
  class space    used 904K, capacity 977K, committed 1024K, reserved 1048576K
}

Deoptimization events (10 events):
Event: 18.529 Thread 0x0000000002782800 Uncommon trap: reason=class_check action=maybe_recompile pc=0x0000000002cb755c method=java.util.regex.Matcher.match(II)Z @ 86
Event: 23.815 Thread 0x0000000002782800 Uncommon trap: reason=unstable_if action=reinterpret pc=0x0000000002be9504 method=java.util.HashMap.getNode(ILjava/lang/Object;)Ljava/util/HashMap$Node; @ 129
Event: 23.815 Thread 0x0000000002782800 Uncommon trap: reason=class_check action=maybe_recompile pc=0x0000000002c73b8c method=java.util.HashMap.putVal(ILjava/lang/Object;Ljava/lang/Object;ZZ)Ljava/lang/Object; @ 203
Event: 26.453 Thread 0x0000000002782800 Uncommon trap: reason=unstable_if action=reinterpret pc=0x0000000002c4d504 method=java.io.WinNTFileSystem.normalize(Ljava/lang/String;)Ljava/lang/String; @ 128
Event: 32.844 Thread 0x0000000015bcb000 Uncommon trap: reason=bimorphic action=maybe_recompile pc=0x0000000002c73760 method=java.util.HashMap.putVal(ILjava/lang/Object;Ljava/lang/Object;ZZ)Ljava/lang/Object; @ 253
Event: 32.845 Thread 0x0000000015bcb000 Uncommon trap: reason=bimorphic action=maybe_recompile pc=0x0000000002c73760 method=java.util.HashMap.putVal(ILjava/lang/Object;Ljava/lang/Object;ZZ)Ljava/lang/Object; @ 253
Event: 32.845 Thread 0x0000000015bcb000 Uncommon trap: reason=class_check action=maybe_recompile pc=0x0000000002c73b8c method=java.util.HashMap.putVal(ILjava/lang/Object;Ljava/lang/Object;ZZ)Ljava/lang/Object; @ 203
Event: 32.845 Thread 0x0000000015bcb000 Uncommon trap: reason=class_check action=maybe_recompile pc=0x0000000002c73b8c method=java.util.HashMap.putVal(ILjava/lang/Object;Ljava/lang/Object;ZZ)Ljava/lang/Object; @ 203
Event: 32.845 Thread 0x0000000015bcb000 Uncommon trap: reason=bimorphic action=maybe_recompile pc=0x0000000002c7af4c method=java.util.HashMap.putVal(ILjava/lang/Object;Ljava/lang/Object;ZZ)Ljava/lang/Object; @ 253
Event: 32.845 Thread 0x0000000015bcb000 Uncommon trap: reason=bimorphic action=maybe_recompile pc=0x0000000002c7af4c method=java.util.HashMap.putVal(ILjava/lang/Object;Ljava/lang/Object;ZZ)Ljava/lang/Object; @ 253

Classes redefined (0 events):
No events

Internal exceptions (10 events):
Event: 1.866 Thread 0x0000000002782800 Exception <a 'java/lang/ArrayIndexOutOfBoundsException'> (0x00000000f684fba8) thrown at [C:\cygwin64\tmp\build\source\java-1.8.0-openjdk\tmp\jdk8u\hotspot\src\share\vm\runtime\sharedRuntime.cpp, line 605]
Event: 1.866 Thread 0x0000000002782800 Exception <a 'java/lang/ArrayIndexOutOfBoundsException'> (0x00000000f6851880) thrown at [C:\cygwin64\tmp\build\source\java-1.8.0-openjdk\tmp\jdk8u\hotspot\src\share\vm\runtime\sharedRuntime.cpp, line 605]
Event: 2.287 Thread 0x0000000002782800 Exception <a 'java/lang/ArrayIndexOutOfBoundsException'> (0x00000000f6b2a878) thrown at [C:\cygwin64\tmp\build\source\java-1.8.0-openjdk\tmp\jdk8u\hotspot\src\share\vm\runtime\sharedRuntime.cpp, line 605]
Event: 2.290 Thread 0x0000000002782800 Exception <a 'java/lang/ArrayIndexOutOfBoundsException'> (0x00000000f6b353d8) thrown at [C:\cygwin64\tmp\build\source\java-1.8.0-openjdk\tmp\jdk8u\hotspot\src\share\vm\runtime\sharedRuntime.cpp, line 605]
Event: 2.291 Thread 0x0000000002782800 Exception <a 'java/lang/ArrayIndexOutOfBoundsException'> (0x00000000f6b37738) thrown at [C:\cygwin64\tmp\build\source\java-1.8.0-openjdk\tmp\jdk8u\hotspot\src\share\vm\runtime\sharedRuntime.cpp, line 605]
Event: 2.298 Thread 0x0000000002782800 Exception <a 'java/lang/ArrayIndexOutOfBoundsException'> (0x00000000f6b43328) thrown at [C:\cygwin64\tmp\build\source\java-1.8.0-openjdk\tmp\jdk8u\hotspot\src\share\vm\runtime\sharedRuntime.cpp, line 605]
Event: 2.301 Thread 0x0000000002782800 Exception <a 'java/lang/ArrayIndexOutOfBoundsException'> (0x00000000f6b509c8) thrown at [C:\cygwin64\tmp\build\source\java-1.8.0-openjdk\tmp\jdk8u\hotspot\src\share\vm\runtime\sharedRuntime.cpp, line 605]
Event: 2.301 Thread 0x0000000002782800 Exception <a 'java/lang/ArrayIndexOutOfBoundsException'> (0x00000000f6b528f8) thrown at [C:\cygwin64\tmp\build\source\java-1.8.0-openjdk\tmp\jdk8u\hotspot\src\share\vm\runtime\sharedRuntime.cpp, line 605]
Event: 2.303 Thread 0x0000000002782800 Exception <a 'java/lang/ArrayIndexOutOfBoundsException'> (0x00000000f6b609a8) thrown at [C:\cygwin64\tmp\build\source\java-1.8.0-openjdk\tmp\jdk8u\hotspot\src\share\vm\runtime\sharedRuntime.cpp, line 605]
Event: 30.773 Thread 0x0000000002782800 Exception <a 'java/io/IOException'> (0x00000000f72f4f40) thrown at [C:\cygwin64\tmp\build\source\java-1.8.0-openjdk\tmp\jdk8u\hotspot\src\share\vm\prims\jni.cpp, line 711]

Events (10 events):
Event: 37.156 loading class javax/tools/OptionChecker done
Event: 37.156 loading class javax/tools/JavaCompiler done
Event: 37.156 loading class org/gradle/api/internal/tasks/testing/operations/TestExecutionBuildOperationBuildSessionScopeServices
Event: 37.156 loading class org/gradle/api/internal/tasks/testing/operations/TestExecutionBuildOperationBuildSessionScopeServices done
Event: 37.157 Executing VM operation: RevokeBias
Event: 37.157 Executing VM operation: RevokeBias done
Event: 37.157 Executing VM operation: RevokeBias
Event: 37.157 Executing VM operation: RevokeBias done
Event: 37.157 Executing VM operation: RevokeBias
Event: 37.157 Executing VM operation: RevokeBias done


Dynamic libraries:
0x00007ff64a8d0000 - 0x00007ff64a905000 	C:\Program Files\OpenJDK\openjdk-8u262-b10\bin\java.exe
0x00007ff82cca0000 - 0x00007ff82ce90000 	C:\WINDOWS\SYSTEM32\ntdll.dll
0x00007ff82b060000 - 0x00007ff82b112000 	C:\WINDOWS\System32\KERNEL32.DLL
0x00007ff82a660000 - 0x00007ff82a905000 	C:\WINDOWS\System32\KERNELBASE.dll
0x00007ff82c9a0000 - 0x00007ff82ca43000 	C:\WINDOWS\System32\ADVAPI32.dll
0x00007ff82c2e0000 - 0x00007ff82c37e000 	C:\WINDOWS\System32\msvcrt.dll
0x00007ff82c380000 - 0x00007ff82c417000 	C:\WINDOWS\System32\sechost.dll
0x00007ff82bf90000 - 0x00007ff82c0b0000 	C:\WINDOWS\System32\RPCRT4.dll
0x00007ff82ae60000 - 0x00007ff82aff4000 	C:\WINDOWS\System32\USER32.dll
0x00007ff829ea0000 - 0x00007ff829ec1000 	C:\WINDOWS\System32\win32u.dll
0x00007ff82c4f0000 - 0x00007ff82c516000 	C:\WINDOWS\System32\GDI32.dll
0x00007ff82a9c0000 - 0x00007ff82ab56000 	C:\WINDOWS\System32\gdi32full.dll
0x00007ff829c50000 - 0x00007ff829cee000 	C:\WINDOWS\System32\msvcp_win.dll
0x00007ff829cf0000 - 0x00007ff829dea000 	C:\WINDOWS\System32\ucrtbase.dll
0x00007ff81bb50000 - 0x00007ff81bdd4000 	C:\WINDOWS\WinSxS\amd64_microsoft.windows.common-controls_6595b64144ccf1df_6.0.18362.1198_none_9e820b57e45ad92f\COMCTL32.dll
0x00007ff82c520000 - 0x00007ff82c855000 	C:\WINDOWS\System32\combase.dll
0x00007ff82acd0000 - 0x00007ff82ad50000 	C:\WINDOWS\System32\bcryptPrimitives.dll
0x00007ff82ae20000 - 0x00007ff82ae4e000 	C:\WINDOWS\System32\IMM32.DLL
0x00000000523a0000 - 0x0000000052472000 	C:\Program Files\OpenJDK\openjdk-8u262-b10\jre\bin\msvcr100.dll
0x00000000777d0000 - 0x0000000077ff8000 	C:\Program Files\OpenJDK\openjdk-8u262-b10\jre\bin\server\jvm.dll
0x00007ff82ae50000 - 0x00007ff82ae58000 	C:\WINDOWS\System32\PSAPI.DLL
0x00007ff8257d0000 - 0x00007ff8257d9000 	C:\WINDOWS\SYSTEM32\WSOCK32.dll
0x00007ff82b730000 - 0x00007ff82b79f000 	C:\WINDOWS\System32\WS2_32.dll
0x00007ff821e10000 - 0x00007ff821e34000 	C:\WINDOWS\SYSTEM32\WINMM.dll
0x00007ff820b90000 - 0x00007ff820b9a000 	C:\WINDOWS\SYSTEM32\VERSION.dll
0x00007ff821de0000 - 0x00007ff821e0d000 	C:\WINDOWS\SYSTEM32\WINMMBASE.dll
0x00007ff829df0000 - 0x00007ff829e3a000 	C:\WINDOWS\System32\cfgmgr32.dll
0x00007ff822230000 - 0x00007ff82223f000 	C:\Program Files\OpenJDK\openjdk-8u262-b10\jre\bin\verify.dll
0x00007ff815220000 - 0x00007ff815249000 	C:\Program Files\OpenJDK\openjdk-8u262-b10\jre\bin\java.dll
0x00007ff8214b0000 - 0x00007ff8214c6000 	C:\Program Files\OpenJDK\openjdk-8u262-b10\jre\bin\zip.dll
0x00007ff82b7a0000 - 0x00007ff82be87000 	C:\WINDOWS\System32\SHELL32.dll
0x00007ff82b120000 - 0x00007ff82b1c9000 	C:\WINDOWS\System32\shcore.dll
0x00007ff829ed0000 - 0x00007ff82a651000 	C:\WINDOWS\System32\windows.storage.dll
0x00007ff829b80000 - 0x00007ff829ba3000 	C:\WINDOWS\System32\profapi.dll
0x00007ff829bd0000 - 0x00007ff829c1a000 	C:\WINDOWS\System32\powrprof.dll
0x00007ff829b50000 - 0x00007ff829b60000 	C:\WINDOWS\System32\UMPDC.dll
0x00007ff82b1d0000 - 0x00007ff82b222000 	C:\WINDOWS\System32\shlwapi.dll
0x00007ff829b60000 - 0x00007ff829b71000 	C:\WINDOWS\System32\kernel.appcore.dll
0x00007ff82acb0000 - 0x00007ff82acc7000 	C:\WINDOWS\System32\cryptsp.dll
0x00007ff820930000 - 0x00007ff82094a000 	C:\Program Files\OpenJDK\openjdk-8u262-b10\jre\bin\net.dll
0x00007ff8292f0000 - 0x00007ff829357000 	C:\WINDOWS\system32\mswsock.dll
0x00007ff820880000 - 0x00007ff820892000 	C:\Program Files\OpenJDK\openjdk-8u262-b10\jre\bin\nio.dll
0x00007ff8151f0000 - 0x00007ff81521a000 	C:\Users\LENOVO\.gradle\native\36\windows-amd64\native-platform.dll
0x00007ff820d50000 - 0x00007ff820d5d000 	C:\Program Files\OpenJDK\openjdk-8u262-b10\jre\bin\management.dll
0x00007ff828e70000 - 0x00007ff828ea3000 	C:\WINDOWS\system32\rsaenh.dll
0x00007ff829c20000 - 0x00007ff829c46000 	C:\WINDOWS\System32\bcrypt.dll
0x00007ff829a70000 - 0x00007ff829a95000 	C:\WINDOWS\SYSTEM32\USERENV.dll
0x00007ff829470000 - 0x00007ff82947c000 	C:\WINDOWS\SYSTEM32\CRYPTBASE.dll
0x00007ff829010000 - 0x00007ff82904a000 	C:\WINDOWS\SYSTEM32\IPHLPAPI.DLL
0x00007ff82bf80000 - 0x00007ff82bf88000 	C:\WINDOWS\System32\NSI.dll
0x00007ff824b20000 - 0x00007ff824b36000 	C:\WINDOWS\SYSTEM32\dhcpcsvc6.DLL
0x00007ff824b00000 - 0x00007ff824b1c000 	C:\WINDOWS\SYSTEM32\dhcpcsvc.DLL
0x00007ff829050000 - 0x00007ff82911b000 	C:\WINDOWS\SYSTEM32\DNSAPI.dll

VM Arguments:
jvm_args: -XX:MaxMetaspaceSize=256m -XX:+HeapDumpOnOutOfMemoryError -Xms256m -Xmx512m -Dfile.encoding=windows-1252 -Duser.country=US -Duser.language=en -Duser.variant 
java_command: org.gradle.launcher.daemon.bootstrap.GradleDaemon 6.2
java_class_path (initial): C:\Users\LENOVO\.gradle\wrapper\dists\gradle-6.2-all\dvufqs6kielxeao781pmk5huj\gradle-6.2\lib\gradle-launcher-6.2.jar
Launcher Type: SUN_STANDARD

Environment Variables:
JAVA_HOME=C:\Program Files\OpenJDK\openjdk-8u262-b10
CLASSPATH=C:\rnproject\ProjectDTI2020\android\\gradle\wrapper\gradle-wrapper.jar
PATH=C:\rnproject\ProjectDTI2020\android\node_modules\.bin;C:\rnproject\ProjectDTI2020\node_modules\.bin;C:\rnproject\node_modules\.bin;C:\node_modules\.bin;C:\Program Files\nodejs;C:\rnproject\ProjectDTI2020\node_modules\.bin;C:\Python27\;C:\Python27\Scripts;C:\Program Files (x86)\Common Files\Oracle\Java\javapath;C:\Program Files (x86)\GraphViz\bin;C:\WINDOWS\system32;C:\WINDOWS;C:\WINDOWS\System32\Wbem;C:\WINDOWS\System32\WindowsPowerShell\v1.0\;C:\WINDOWS\System32\OpenSSH\;C:\Program Files\MATLAB\R2018a\runtime\win64;C:\Program Files\MATLAB\R2018a\bin;C:\xampp\php;C:\Program Files\Git\cmd;C:\Go\bin;C:\Program Files\Microsoft VS Code\bin;C:\ProgramData\ComposerSetup\bin;C:\Program Files\PowerShell\7\;C:\ProgramData\chocolatey\bin;C:\Program Files\nodejs\;C:\Program Files\OpenJDK\openjdk-8u262-b10\bin;C:\Users\LENOVO\Anaconda3\pkgs\graphviz-2.38-hfd603c8_2\Library\bin\graphviz;C:\Users\LENOVO\AppData\Local\Microsoft\WindowsApps;C:\Users\LENOVO\AppData\Roaming\Composer\vendor\bin;C:\Users\LENOVO\go\bin;C:\Users\LENOVO\AppData\Roaming\npm;C:\Users\LENOVO\AppData\Local\Android\Sdk\platform-tools;C:\gradle-6.6.1\bin;
USERNAME=LENOVO
OS=Windows_NT
PROCESSOR_IDENTIFIER=AMD64 Family 21 Model 112 Stepping 0, AuthenticAMD



---------------  S Y S T E M  ---------------

OS: Windows 10.0 , 64 bit Build 18362 (10.0.18362.1110)

CPU:total 2 (initial active 2) (2 cores per cpu, 1 threads per core) family 21 model 112 stepping 0, cmov, cx8, fxsr, mmx, sse, sse2, sse3, ssse3, sse4.1, sse4.2, popcnt, avx, avx2, aes, clmul, mmxext, 3dnowpref, lzcnt, sse4a, tsc, tscinvbit, tscinv, bmi1

Memory: 4k page, physical 3555228k(354616k free), swap 14565276k(208008k free)

vm_info: OpenJDK 64-Bit Server VM (25.262-b10) for windows-amd64 JRE (1.8.0_262-b10), built on Jul 13 2020 11:27:33 by "build" with MS VC++ 10.0 (VS2010)

time: Thu Nov 12 14:27:19 2020
timezone: SE Asia Standard Time
elapsed time: 37 seconds (0d 0h 0m 37s)

